This is pdfTeX, Version 3.141592653-2.6-1.40.25 (MiKTeX 24.1) (preloaded format=pdflatex 2024.8.11)  18 FEB 2025 16:51
entering extended mode
 restricted \write18 enabled.
 %&-line parsing enabled.
**./informe_tp1.tex
(informe_tp1.tex
LaTeX2e <2023-11-01> patch level 1
L3 programming layer <2024-01-04>
(D:\Latex\Programa latex\tex/latex/base\article.cls
Document Class: article 2023/05/17 v1.4n Standard LaTeX document class
(D:\Latex\Programa latex\tex/latex/base\size12.clo
File: size12.clo 2023/05/17 v1.4n Standard LaTeX file (size option)
)
\c@part=\count187
\c@section=\count188
\c@subsection=\count189
\c@subsubsection=\count190
\c@paragraph=\count191
\c@subparagraph=\count192
\c@figure=\count193
\c@table=\count194
\abovecaptionskip=\skip48
\belowcaptionskip=\skip49
\bibindent=\dimen140
)
(D:\Latex\Programa latex\tex/generic/babel\babel.sty
Package: babel 2024/01/07 v24.1 The Babel package
\babel@savecnt=\count195
\U@D=\dimen141
\l@unhyphenated=\language79

(D:\Latex\Programa latex\tex/generic/babel\txtbabel.def)
\bbl@readstream=\read2
\bbl@dirlevel=\count196

*************************************
* Local config file bblopts.cfg used
*
(D:\Latex\Programa latex\tex/latex/arabi\bblopts.cfg
File: bblopts.cfg 2005/09/08 v0.1 add Arabic and Farsi to "declared" options of
 babel
)
(C:\Users\maria\AppData\Roaming\MiKTeX\tex/latex/babel-spanish\spanish.ldf
Language: spanish.ldf 2021/05/27 v5.0q Spanish support from the babel system
\es@quottoks=\toks17
\es@quotdepth=\count197
Package babel Info: Making " an active character on input line 570.
Package babel Info: Making . an active character on input line 675.
Package babel Info: Making < an active character on input line 722.
Package babel Info: Making > an active character on input line 722.
))
(D:\Latex\Programa latex\tex/generic/babel/locale/es\babel-spanish.tex
Package babel Info: Importing font and identification data for spanish
(babel)             from babel-es.ini. Reported on input line 11.
)
(D:\Latex\Programa latex\tex/latex/graphics\graphicx.sty
Package: graphicx 2021/09/16 v1.2d Enhanced LaTeX Graphics (DPC,SPQR)

(D:\Latex\Programa latex\tex/latex/graphics\keyval.sty
Package: keyval 2022/05/29 v1.15 key=value parser (DPC)
\KV@toks@=\toks18
)
(D:\Latex\Programa latex\tex/latex/graphics\graphics.sty
Package: graphics 2022/03/10 v1.4e Standard LaTeX Graphics (DPC,SPQR)

(D:\Latex\Programa latex\tex/latex/graphics\trig.sty
Package: trig 2021/08/11 v1.11 sin cos tan (DPC)
)
(D:\Latex\Programa latex\tex/latex/graphics-cfg\graphics.cfg
File: graphics.cfg 2016/06/04 v1.11 sample graphics configuration
)
Package graphics Info: Driver file: pdftex.def on input line 107.

(D:\Latex\Programa latex\tex/latex/graphics-def\pdftex.def
File: pdftex.def 2022/09/22 v1.2b Graphics/color driver for pdftex
))
\Gin@req@height=\dimen142
\Gin@req@width=\dimen143
)
(C:\Users\maria\AppData\Roaming\MiKTeX\tex/latex/float\float.sty
Package: float 2001/11/08 v1.3d Float enhancements (AL)
\c@float@type=\count198
\float@exts=\toks19
\float@box=\box51
\@float@everytoks=\toks20
\@floatcapt=\box52
)
(D:\Latex\Programa latex\tex/latex/l3backend\l3backend-pdftex.def
File: l3backend-pdftex.def 2024-01-04 L3 backend support: PDF output (pdfTeX)
\l__color_backend_stack_int=\count199
\l__pdf_internal_box=\box53
)
(informe_tp1.aux
LaTeX Info: Redefining \. on input line 8.
LaTeX Info: Redefining \% on input line 8.
)
\openout1 = `informe_tp1.aux'.

LaTeX Font Info:    Checking defaults for OML/cmm/m/it on input line 11.
LaTeX Font Info:    ... okay on input line 11.
LaTeX Font Info:    Checking defaults for OMS/cmsy/m/n on input line 11.
LaTeX Font Info:    ... okay on input line 11.
LaTeX Font Info:    Checking defaults for OT1/cmr/m/n on input line 11.
LaTeX Font Info:    ... okay on input line 11.
LaTeX Font Info:    Checking defaults for T1/cmr/m/n on input line 11.
LaTeX Font Info:    ... okay on input line 11.
LaTeX Font Info:    Checking defaults for TS1/cmr/m/n on input line 11.
LaTeX Font Info:    ... okay on input line 11.
LaTeX Font Info:    Checking defaults for OMX/cmex/m/n on input line 11.
LaTeX Font Info:    ... okay on input line 11.
LaTeX Font Info:    Checking defaults for U/cmr/m/n on input line 11.
LaTeX Font Info:    ... okay on input line 11.
LaTeX Info: Redefining \. on input line 11.
LaTeX Info: Redefining \% on input line 11.
 (D:\Latex\Programa latex\tex/context/base/mkii\supp-pdf.mkii
[Loading MPS to PDF converter (version 2006.09.02).]
\scratchcounter=\count266
\scratchdimen=\dimen144
\scratchbox=\box54
\nofMPsegments=\count267
\nofMParguments=\count268
\everyMPshowfont=\toks21
\MPscratchCnt=\count269
\MPscratchDim=\dimen145
\MPnumerator=\count270
\makeMPintoPDFobject=\count271
\everyMPtoPDFconversion=\toks22
) (D:\Latex\Programa latex\tex/latex/epstopdf-pkg\epstopdf-base.sty
Package: epstopdf-base 2020-01-24 v2.11 Base part for package epstopdf
Package epstopdf-base Info: Redefining graphics rule for `.eps' on input line 4
85.

(D:\Latex\Programa latex\tex/latex/00miktex\epstopdf-sys.cfg
File: epstopdf-sys.cfg 2021/03/18 v2.0 Configuration of epstopdf for MiKTeX
))
LaTeX Font Info:    External font `cmex10' loaded for size
(Font)              <14.4> on input line 12.
LaTeX Font Info:    External font `cmex10' loaded for size
(Font)              <7> on input line 12.
 [1

{C:/Users/maria/AppData/Local/MiKTeX/fonts/map/pdftex/pdftex.map}]
<Simulaciones-Resultados/Circuito1_esquematico.png, id=11, 820.86674pt x 454.69
875pt>
File: Simulaciones-Resultados/Circuito1_esquematico.png Graphic file (type png)

<use Simulaciones-Resultados/Circuito1_esquematico.png>
Package pdftex.def Info: Simulaciones-Resultados/Circuito1_esquematico.png  use
d on input line 50.
(pdftex.def)             Requested size: 390.0pt x 216.03271pt.


LaTeX Warning: `h' float specifier changed to `ht'.

LaTeX Font Info:    External font `cmex10' loaded for size
(Font)              <12> on input line 59.
LaTeX Font Info:    External font `cmex10' loaded for size
(Font)              <8> on input line 59.
LaTeX Font Info:    External font `cmex10' loaded for size
(Font)              <6> on input line 59.
[2] [3 <./Simulaciones-Resultados/Circuito1_esquematico.png>]
<Simulaciones-Resultados/Circuito1_Vo1(Vc)-Vo2(Vc).png, id=24, 1155.1155pt x 51
0.10574pt>
File: Simulaciones-Resultados/Circuito1_Vo1(Vc)-Vo2(Vc).png Graphic file (type 
png)
<use Simulaciones-Resultados/Circuito1_Vo1(Vc)-Vo2(Vc).png>
Package pdftex.def Info: Simulaciones-Resultados/Circuito1_Vo1(Vc)-Vo2(Vc).png 
 used on input line 158.
(pdftex.def)             Requested size: 390.0pt x 172.2272pt.


LaTeX Warning: `!h' float specifier changed to `!ht'.

<Simulaciones-Resultados/Circuito1_Vo2-Vi1-Vi2.png, id=25, 1154.51324pt x 517.9
35pt>
File: Simulaciones-Resultados/Circuito1_Vo2-Vi1-Vi2.png Graphic file (type png)

<use Simulaciones-Resultados/Circuito1_Vo2-Vi1-Vi2.png>
Package pdftex.def Info: Simulaciones-Resultados/Circuito1_Vo2-Vi1-Vi2.png  use
d on input line 167.
(pdftex.def)             Requested size: 390.0pt x 174.95752pt.

LaTeX Warning: `!h' float specifier changed to `!ht'.

[4] [5 <./Simulaciones-Resultados/Circuito1_Vo1(Vc)-Vo2(Vc).png> <./Simulacione
s-Resultados/Circuito1_Vo2-Vi1-Vi2.png>]
<Simulaciones-Resultados/Circuito2_esquematico.png, id=34, 554.07pt x 389.0535p
t>
File: Simulaciones-Resultados/Circuito2_esquematico.png Graphic file (type png)

<use Simulaciones-Resultados/Circuito2_esquematico.png>
Package pdftex.def Info: Simulaciones-Resultados/Circuito2_esquematico.png  use
d on input line 177.
(pdftex.def)             Requested size: 390.0pt x 273.84938pt.
 [6 <./Simulaciones-Resultados/Circuito2_esquematico.png>]
<Simulaciones-Resultados/Circuito3_esquematico.png, id=41, 813.63976pt x 419.16
6pt>
File: Simulaciones-Resultados/Circuito3_esquematico.png Graphic file (type png)

<use Simulaciones-Resultados/Circuito3_esquematico.png>
Package pdftex.def Info: Simulaciones-Resultados/Circuito3_esquematico.png  use
d on input line 225.
(pdftex.def)             Requested size: 390.0pt x 200.91597pt.


LaTeX Warning: `h' float specifier changed to `ht'.

[7]
<Simulaciones-Resultados/Circuito3_Vo1(Vin)-Vo2(Vin).png, id=47, 1153.30875pt x
 510.10574pt>
File: Simulaciones-Resultados/Circuito3_Vo1(Vin)-Vo2(Vin).png Graphic file (typ
e png)
<use Simulaciones-Resultados/Circuito3_Vo1(Vin)-Vo2(Vin).png>
Package pdftex.def Info: Simulaciones-Resultados/Circuito3_Vo1(Vin)-Vo2(Vin).pn
g  used on input line 254.
(pdftex.def)             Requested size: 390.0pt x 172.49962pt.


LaTeX Warning: `!h' float specifier changed to `!ht'.

<Simulaciones-Resultados/Circuito4_esquematico.png, id=48, 705.837pt x 483.6067
5pt>
File: Simulaciones-Resultados/Circuito4_esquematico.png Graphic file (type png)

<use Simulaciones-Resultados/Circuito4_esquematico.png>
Package pdftex.def Info: Simulaciones-Resultados/Circuito4_esquematico.png  use
d on input line 263.
(pdftex.def)             Requested size: 390.0pt x 267.21686pt.

LaTeX Warning: `!h' float specifier changed to `!ht'.

[8 <./Simulaciones-Resultados/Circuito3_esquematico.png>] [9 <./Simulaciones-Re
sultados/Circuito3_Vo1(Vin)-Vo2(Vin).png> <./Simulaciones-Resultados/Circuito4_
esquematico.png>]

LaTeX Warning: No positions in optional float specifier.
               Default added (so using `tbp') on input line 290.

<Simulaciones-Resultados/Circuito4_Vo(Vi).png, id=58, 1155.1155pt x 511.9125pt>

File: Simulaciones-Resultados/Circuito4_Vo(Vi).png Graphic file (type png)
<use Simulaciones-Resultados/Circuito4_Vo(Vi).png>
Package pdftex.def Info: Simulaciones-Resultados/Circuito4_Vo(Vi).png  used on 
input line 291.
(pdftex.def)             Requested size: 390.0pt x 172.83722pt.
[10 <./Simulaciones-Resultados/Circuito4_Vo(Vi).png>] [11] (informe_tp1.aux
LaTeX Info: Redefining \. on input line 8.
LaTeX Info: Redefining \% on input line 8.
)
 ***********
LaTeX2e <2023-11-01> patch level 1
L3 programming layer <2024-01-04>
 ***********
 ) 
Here is how much of TeX's memory you used:
 2936 strings out of 474486
 52264 string characters out of 5753570
 1937542 words of memory out of 5000000
 25233 multiletter control sequences out of 15000+600000
 564216 words of font info for 56 fonts, out of 8000000 for 9000
 1141 hyphenation exceptions out of 8191
 57i,9n,65p,530b,365s stack positions out of 10000i,1000n,20000p,200000b,200000s
 <C:\Users\maria\AppData\Local\MiKTeX\fonts/pk/ljfour/jknappen/ec/dpi600\tcrm
1200.pk> <C:\Users\maria\AppData\Local\MiKTeX\fonts/pk/ljfour/jknappen/ec/dpi60
0\tcrm2074.pk><D:/Latex/Programa latex/fonts/type1/public/amsfonts/cm/cmbx10.pf
b><D:/Latex/Programa latex/fonts/type1/public/amsfonts/cm/cmbx12.pfb><D:/Latex/
Programa latex/fonts/type1/public/amsfonts/cm/cmex10.pfb><D:/Latex/Programa lat
ex/fonts/type1/public/amsfonts/cm/cmmi12.pfb><D:/Latex/Programa latex/fonts/typ
e1/public/amsfonts/cm/cmmi8.pfb><D:/Latex/Programa latex/fonts/type1/public/ams
fonts/cm/cmr10.pfb><D:/Latex/Programa latex/fonts/type1/public/amsfonts/cm/cmr1
2.pfb><D:/Latex/Programa latex/fonts/type1/public/amsfonts/cm/cmr17.pfb><D:/Lat
ex/Programa latex/fonts/type1/public/amsfonts/cm/cmr8.pfb><D:/Latex/Programa la
tex/fonts/type1/public/amsfonts/cm/cmsy10.pfb><D:/Latex/Programa latex/fonts/ty
pe1/public/amsfonts/cm/cmsy8.pfb>
Output written on informe_tp1.pdf (11 pages, 325837 bytes).
PDF statistics:
 120 PDF objects out of 1000 (max. 8388607)
 0 named destinations out of 1000 (max. 500000)
 41 words of extra memory for PDF output out of 10000 (max. 10000000)

