This is pdfTeX, Version 3.141592653-2.6-1.40.25 (MiKTeX 24.1) (preloaded format=pdflatex 2024.8.11)  26 NOV 2024 19:42
entering extended mode
 restricted \write18 enabled.
 %&-line parsing enabled.
**./informe_tp3.tex
(informe_tp3.tex
LaTeX2e <2023-11-01> patch level 1
L3 programming layer <2024-01-04>
(D:\Latex\Programa latex\tex/latex/base\article.cls
Document Class: article 2023/05/17 v1.4n Standard LaTeX document class
(D:\Latex\Programa latex\tex/latex/base\size12.clo
File: size12.clo 2023/05/17 v1.4n Standard LaTeX file (size option)
)
\c@part=\count187
\c@section=\count188
\c@subsection=\count189
\c@subsubsection=\count190
\c@paragraph=\count191
\c@subparagraph=\count192
\c@figure=\count193
\c@table=\count194
\abovecaptionskip=\skip48
\belowcaptionskip=\skip49
\bibindent=\dimen140
)
(D:\Latex\Programa latex\tex/generic/babel\babel.sty
Package: babel 2024/01/07 v24.1 The Babel package
\babel@savecnt=\count195
\U@D=\dimen141
\l@unhyphenated=\language79

(D:\Latex\Programa latex\tex/generic/babel\txtbabel.def)
\bbl@readstream=\read2
\bbl@dirlevel=\count196

*************************************
* Local config file bblopts.cfg used
*
(D:\Latex\Programa latex\tex/latex/arabi\bblopts.cfg
File: bblopts.cfg 2005/09/08 v0.1 add Arabic and Farsi to "declared" options of
 babel
)
(C:\Users\maria\AppData\Roaming\MiKTeX\tex/latex/babel-spanish\spanish.ldf
Language: spanish.ldf 2021/05/27 v5.0q Spanish support from the babel system
\es@quottoks=\toks17
\es@quotdepth=\count197
Package babel Info: Making " an active character on input line 570.
Package babel Info: Making . an active character on input line 675.
Package babel Info: Making < an active character on input line 722.
Package babel Info: Making > an active character on input line 722.
))
(D:\Latex\Programa latex\tex/generic/babel/locale/es\babel-spanish.tex
Package babel Info: Importing font and identification data for spanish
(babel)             from babel-es.ini. Reported on input line 11.
)
(D:\Latex\Programa latex\tex/latex/graphics\graphicx.sty
Package: graphicx 2021/09/16 v1.2d Enhanced LaTeX Graphics (DPC,SPQR)

(D:\Latex\Programa latex\tex/latex/graphics\keyval.sty
Package: keyval 2022/05/29 v1.15 key=value parser (DPC)
\KV@toks@=\toks18
)
(D:\Latex\Programa latex\tex/latex/graphics\graphics.sty
Package: graphics 2022/03/10 v1.4e Standard LaTeX Graphics (DPC,SPQR)

(D:\Latex\Programa latex\tex/latex/graphics\trig.sty
Package: trig 2021/08/11 v1.11 sin cos tan (DPC)
)
(D:\Latex\Programa latex\tex/latex/graphics-cfg\graphics.cfg
File: graphics.cfg 2016/06/04 v1.11 sample graphics configuration
)
Package graphics Info: Driver file: pdftex.def on input line 107.

(D:\Latex\Programa latex\tex/latex/graphics-def\pdftex.def
File: pdftex.def 2022/09/22 v1.2b Graphics/color driver for pdftex
))
\Gin@req@height=\dimen142
\Gin@req@width=\dimen143
)
(C:\Users\maria\AppData\Roaming\MiKTeX\tex/latex/float\float.sty
Package: float 2001/11/08 v1.3d Float enhancements (AL)
\c@float@type=\count198
\float@exts=\toks19
\float@box=\box51
\@float@everytoks=\toks20
\@floatcapt=\box52
)
(D:\Latex\Programa latex\tex/latex/l3backend\l3backend-pdftex.def
File: l3backend-pdftex.def 2024-01-04 L3 backend support: PDF output (pdfTeX)
\l__color_backend_stack_int=\count199
\l__pdf_internal_box=\box53
)
(informe_tp3.aux
LaTeX Info: Redefining \. on input line 8.
LaTeX Info: Redefining \% on input line 8.


LaTeX Warning: Label `fig:1' multiply defined.

)
\openout1 = `informe_tp3.aux'.

LaTeX Font Info:    Checking defaults for OML/cmm/m/it on input line 11.
LaTeX Font Info:    ... okay on input line 11.
LaTeX Font Info:    Checking defaults for OMS/cmsy/m/n on input line 11.
LaTeX Font Info:    ... okay on input line 11.
LaTeX Font Info:    Checking defaults for OT1/cmr/m/n on input line 11.
LaTeX Font Info:    ... okay on input line 11.
LaTeX Font Info:    Checking defaults for T1/cmr/m/n on input line 11.
LaTeX Font Info:    ... okay on input line 11.
LaTeX Font Info:    Checking defaults for TS1/cmr/m/n on input line 11.
LaTeX Font Info:    ... okay on input line 11.
LaTeX Font Info:    Checking defaults for OMX/cmex/m/n on input line 11.
LaTeX Font Info:    ... okay on input line 11.
LaTeX Font Info:    Checking defaults for U/cmr/m/n on input line 11.
LaTeX Font Info:    ... okay on input line 11.
LaTeX Info: Redefining \. on input line 11.
LaTeX Info: Redefining \% on input line 11.
 (D:\Latex\Programa latex\tex/context/base/mkii\supp-pdf.mkii
[Loading MPS to PDF converter (version 2006.09.02).]
\scratchcounter=\count266
\scratchdimen=\dimen144
\scratchbox=\box54
\nofMPsegments=\count267
\nofMParguments=\count268
\everyMPshowfont=\toks21
\MPscratchCnt=\count269
\MPscratchDim=\dimen145
\MPnumerator=\count270
\makeMPintoPDFobject=\count271
\everyMPtoPDFconversion=\toks22
) (D:\Latex\Programa latex\tex/latex/epstopdf-pkg\epstopdf-base.sty
Package: epstopdf-base 2020-01-24 v2.11 Base part for package epstopdf
Package epstopdf-base Info: Redefining graphics rule for `.eps' on input line 4
85.

(D:\Latex\Programa latex\tex/latex/00miktex\epstopdf-sys.cfg
File: epstopdf-sys.cfg 2021/03/18 v2.0 Configuration of epstopdf for MiKTeX
))
LaTeX Font Info:    External font `cmex10' loaded for size
(Font)              <14.4> on input line 12.
LaTeX Font Info:    External font `cmex10' loaded for size
(Font)              <7> on input line 12.
 [1

{C:/Users/maria/AppData/Local/MiKTeX/fonts/map/pdftex/pdftex.map}]
<D:/GD/Sintesis de redes activas/sintesis_redes_activas/Tp3/Simulaciones_Imagen
es/1.A_Circ.png, id=10, 543.83176pt x 350.5095pt>
File: D:/GD/Sintesis de redes activas/sintesis_redes_activas/Tp3/Simulaciones_I
magenes/1.A_Circ.png Graphic file (type png)
<use D:/GD/Sintesis de redes activas/sintesis_redes_activas/Tp3/Simulaciones_Im
agenes/1.A_Circ.png>
Package pdftex.def Info: D:/GD/Sintesis de redes activas/sintesis_redes_activas
/Tp3/Simulaciones_Imagenes/1.A_Circ.png  used on input line 45.
(pdftex.def)             Requested size: 390.0pt x 251.36652pt.


LaTeX Warning: `!h' float specifier changed to `!ht'.

LaTeX Font Info:    External font `cmex10' loaded for size
(Font)              <12> on input line 51.
LaTeX Font Info:    External font `cmex10' loaded for size
(Font)              <8> on input line 51.
LaTeX Font Info:    External font `cmex10' loaded for size
(Font)              <6> on input line 51.
[2]

LaTeX Warning: Command \textordmasculine invalid in math mode on input line 74.



LaTeX Warning: Command \textordmasculine invalid in math mode on input line 74.



LaTeX Warning: Command \textordmasculine invalid in math mode on input line 74.



LaTeX Warning: Command \textordmasculine invalid in math mode on input line 74.


Missing character: There is no º in font cmr12!
Missing character: There is no º in font cmr12!

LaTeX Warning: Command \textordmasculine invalid in math mode on input line 79.



LaTeX Warning: Command \textordmasculine invalid in math mode on input line 79.


Missing character: There is no º in font cmr12!

LaTeX Warning: Command \textordmasculine invalid in math mode on input line 84.



LaTeX Warning: Command \textordmasculine invalid in math mode on input line 84.


Missing character: There is no º in font cmr12!
[3 <D:/GD/Sintesis de redes activas/sintesis_redes_activas/Tp3/Simulaciones_Ima
genes/1.A_Circ.png>]
<D:/GD/Sintesis de redes activas/sintesis_redes_activas/Tp3/Simulaciones_Imagen
es/1.A_Sim_gain.png, id=27, 1109.3445pt x 380.622pt>
File: D:/GD/Sintesis de redes activas/sintesis_redes_activas/Tp3/Simulaciones_I
magenes/1.A_Sim_gain.png Graphic file (type png)
<use D:/GD/Sintesis de redes activas/sintesis_redes_activas/Tp3/Simulaciones_Im
agenes/1.A_Sim_gain.png>
Package pdftex.def Info: D:/GD/Sintesis de redes activas/sintesis_redes_activas
/Tp3/Simulaciones_Imagenes/1.A_Sim_gain.png  used on input line 104.
(pdftex.def)             Requested size: 390.0pt x 133.81207pt.
<D:/GD/Sintesis de redes activas/sintesis_redes_activas/Tp3/Simulaciones_Imagen
es/1.A_Frec_Resp.png, id=28, 1129.821pt x 516.7305pt>
File: D:/GD/Sintesis de redes activas/sintesis_redes_activas/Tp3/Simulaciones_I
magenes/1.A_Frec_Resp.png Graphic file (type png)
<use D:/GD/Sintesis de redes activas/sintesis_redes_activas/Tp3/Simulaciones_Im
agenes/1.A_Frec_Resp.png>
Package pdftex.def Info: D:/GD/Sintesis de redes activas/sintesis_redes_activas
/Tp3/Simulaciones_Imagenes/1.A_Frec_Resp.png  used on input line 110.
(pdftex.def)             Requested size: 390.0pt x 178.36682pt.
<Simulaciones_Imagenes/1.B_Circ.png, id=29, 490.83376pt x 331.83975pt>
File: Simulaciones_Imagenes/1.B_Circ.png Graphic file (type png)
<use Simulaciones_Imagenes/1.B_Circ.png>
Package pdftex.def Info: Simulaciones_Imagenes/1.B_Circ.png  used on input line
 130.
(pdftex.def)             Requested size: 390.0pt x 263.67464pt.


LaTeX Warning: `!h' float specifier changed to `!ht'.


LaTeX Warning: Command \textordmasculine invalid in math mode on input line 137
.


LaTeX Warning: Command \textordmasculine invalid in math mode on input line 137
.


LaTeX Warning: Command \textordmasculine invalid in math mode on input line 137
.


LaTeX Warning: Command \textordmasculine invalid in math mode on input line 137
.

Missing character: There is no º in font cmr12!
Missing character: There is no º in font cmr12!
[4 <D:/GD/Sintesis de redes activas/sintesis_redes_activas/Tp3/Simulaciones_Ima
genes/1.A_Sim_gain.png>]

LaTeX Warning: Text page 5 contains only floats.

[5 <D:/GD/Sintesis de redes activas/sintesis_redes_activas/Tp3/Simulaciones_Ima
genes/1.A_Frec_Resp.png> <./Simulaciones_Imagenes/1.B_Circ.png>]

LaTeX Warning: Command \textordmasculine invalid in math mode on input line 141
.


LaTeX Warning: Command \textordmasculine invalid in math mode on input line 141
.

Missing character: There is no º in font cmr12!

LaTeX Warning: Command \textordmasculine invalid in math mode on input line 145
.


LaTeX Warning: Command \textordmasculine invalid in math mode on input line 145
.

Missing character: There is no º in font cmr12!
<Simulaciones_Imagenes/1.B_Sim_gain.png, id=39, 1111.15125pt x 377.61075pt>
File: Simulaciones_Imagenes/1.B_Sim_gain.png Graphic file (type png)
<use Simulaciones_Imagenes/1.B_Sim_gain.png>
Package pdftex.def Info: Simulaciones_Imagenes/1.B_Sim_gain.png  used on input 
line 177.
(pdftex.def)             Requested size: 390.0pt x 132.5345pt.

LaTeX Warning: `!h' float specifier changed to `!ht'.

<Simulaciones_Imagenes/1.B_Frec_Resp.png, id=40, 1126.2075pt x 510.10574pt>
File: Simulaciones_Imagenes/1.B_Frec_Resp.png Graphic file (type png)
<use Simulaciones_Imagenes/1.B_Frec_Resp.png>
Package pdftex.def Info: Simulaciones_Imagenes/1.B_Frec_Resp.png  used on input
 line 183.
(pdftex.def)             Requested size: 390.0pt x 176.64827pt.

LaTeX Warning: `!h' float specifier changed to `!ht'.

[6] [7 <./Simulaciones_Imagenes/1.B_Sim_gain.png> <./Simulaciones_Imagenes/1.B_
Frec_Resp.png>]
<Simulaciones_Imagenes/1.C_Circ.png, id=50, 505.89pt x 292.6935pt>
File: Simulaciones_Imagenes/1.C_Circ.png Graphic file (type png)
<use Simulaciones_Imagenes/1.C_Circ.png>
Package pdftex.def Info: Simulaciones_Imagenes/1.C_Circ.png  used on input line
 200.
(pdftex.def)             Requested size: 390.0pt x 225.64711pt.

Overfull \hbox (1.05824pt too wide) in paragraph at lines 205--206
[]\OT1/cmr/m/n/12 Utilizamos una red de com-pen-sa-ci^^Son cero-polo pa-ra can-
ce-lar el po-lo $\OML/cmm/m/it/12 f\OT1/cmr/m/n/12 2[]$
 []

[8 <./Simulaciones_Imagenes/1.C_Circ.png>]
<Simulaciones_Imagenes/1.C_Sim_gain.png, id=55, 1100.31075pt x 381.22424pt>
File: Simulaciones_Imagenes/1.C_Sim_gain.png Graphic file (type png)
<use Simulaciones_Imagenes/1.C_Sim_gain.png>
Package pdftex.def Info: Simulaciones_Imagenes/1.C_Sim_gain.png  used on input 
line 241.
(pdftex.def)             Requested size: 390.0pt x 135.12323pt.
<Simulaciones_Imagenes/1.C_Frec_Resp.png, id=56, 1124.40076pt x 517.935pt>
File: Simulaciones_Imagenes/1.C_Frec_Resp.png Graphic file (type png)
<use Simulaciones_Imagenes/1.C_Frec_Resp.png>
Package pdftex.def Info: Simulaciones_Imagenes/1.C_Frec_Resp.png  used on input
 line 247.
(pdftex.def)             Requested size: 390.0pt x 179.64403pt.
 [9 <./Simulaciones_Imagenes/1.C_Sim_gain.png> <./Simulaciones_Imagenes/1.C_Fre
c_Resp.png>] (informe_tp3.aux
LaTeX Info: Redefining \. on input line 8.
LaTeX Info: Redefining \% on input line 8.
)
 ***********
LaTeX2e <2023-11-01> patch level 1
L3 programming layer <2024-01-04>
 ***********


LaTeX Warning: There were multiply-defined labels.

 ) 
Here is how much of TeX's memory you used:
 2943 strings out of 474486
 53634 string characters out of 5753570
 1932542 words of memory out of 5000000
 25240 multiletter control sequences out of 15000+600000
 564216 words of font info for 56 fonts, out of 8000000 for 9000
 1141 hyphenation exceptions out of 8191
 57i,7n,65p,296b,365s stack positions out of 10000i,1000n,20000p,200000b,200000s
 <C:\Users\maria\AppData\Local\MiKTeX\fonts/pk/ljfour/jknappen/ec/dpi600\tcrm
1200.pk> <C:\Users\maria\AppData\Local\MiKTeX\fonts/pk/ljfour/jknappen/ec/dpi60
0\tcrm2074.pk><D:/Latex/Programa latex/fonts/type1/public/amsfonts/cm/cmbx10.pf
b><D:/Latex/Programa latex/fonts/type1/public/amsfonts/cm/cmbx12.pfb><D:/Latex/
Programa latex/fonts/type1/public/amsfonts/cm/cmex10.pfb><D:/Latex/Programa lat
ex/fonts/type1/public/amsfonts/cm/cmmi12.pfb><D:/Latex/Programa latex/fonts/typ
e1/public/amsfonts/cm/cmmi8.pfb><D:/Latex/Programa latex/fonts/type1/public/ams
fonts/cm/cmr10.pfb><D:/Latex/Programa latex/fonts/type1/public/amsfonts/cm/cmr1
2.pfb><D:/Latex/Programa latex/fonts/type1/public/amsfonts/cm/cmr17.pfb><D:/Lat
ex/Programa latex/fonts/type1/public/amsfonts/cm/cmr8.pfb><D:/Latex/Programa la
tex/fonts/type1/public/amsfonts/cm/cmsy10.pfb><D:/Latex/Programa latex/fonts/ty
pe1/public/amsfonts/cm/cmsy6.pfb>
Output written on informe_tp3.pdf (9 pages, 755425 bytes).
PDF statistics:
 116 PDF objects out of 1000 (max. 8388607)
 0 named destinations out of 1000 (max. 500000)
 46 words of extra memory for PDF output out of 10000 (max. 10000000)

