This is pdfTeX, Version 3.141592653-2.6-1.40.25 (MiKTeX 24.1) (preloaded format=pdflatex 2024.8.11)  29 NOV 2024 16:24
entering extended mode
 restricted \write18 enabled.
 %&-line parsing enabled.
**./Extra_Filtro_Notch.tex
(Extra_Filtro_Notch.tex
LaTeX2e <2023-11-01> patch level 1
L3 programming layer <2024-01-04>
(D:\Latex\Programa latex\tex/latex/base\article.cls
Document Class: article 2023/05/17 v1.4n Standard LaTeX document class
(D:\Latex\Programa latex\tex/latex/base\size12.clo
File: size12.clo 2023/05/17 v1.4n Standard LaTeX file (size option)
)
\c@part=\count187
\c@section=\count188
\c@subsection=\count189
\c@subsubsection=\count190
\c@paragraph=\count191
\c@subparagraph=\count192
\c@figure=\count193
\c@table=\count194
\abovecaptionskip=\skip48
\belowcaptionskip=\skip49
\bibindent=\dimen140
)
(D:\Latex\Programa latex\tex/generic/babel\babel.sty
Package: babel 2024/01/07 v24.1 The Babel package
\babel@savecnt=\count195
\U@D=\dimen141
\l@unhyphenated=\language79

(D:\Latex\Programa latex\tex/generic/babel\txtbabel.def)
\bbl@readstream=\read2
\bbl@dirlevel=\count196

*************************************
* Local config file bblopts.cfg used
*
(D:\Latex\Programa latex\tex/latex/arabi\bblopts.cfg
File: bblopts.cfg 2005/09/08 v0.1 add Arabic and Farsi to "declared" options of
 babel
)
(C:\Users\maria\AppData\Roaming\MiKTeX\tex/latex/babel-spanish\spanish.ldf
Language: spanish.ldf 2021/05/27 v5.0q Spanish support from the babel system
\es@quottoks=\toks17
\es@quotdepth=\count197
Package babel Info: Making " an active character on input line 570.
Package babel Info: Making . an active character on input line 675.
Package babel Info: Making < an active character on input line 722.
Package babel Info: Making > an active character on input line 722.
))
(D:\Latex\Programa latex\tex/generic/babel/locale/es\babel-spanish.tex
Package babel Info: Importing font and identification data for spanish
(babel)             from babel-es.ini. Reported on input line 11.
)
(D:\Latex\Programa latex\tex/latex/graphics\graphicx.sty
Package: graphicx 2021/09/16 v1.2d Enhanced LaTeX Graphics (DPC,SPQR)

(D:\Latex\Programa latex\tex/latex/graphics\keyval.sty
Package: keyval 2022/05/29 v1.15 key=value parser (DPC)
\KV@toks@=\toks18
)
(D:\Latex\Programa latex\tex/latex/graphics\graphics.sty
Package: graphics 2022/03/10 v1.4e Standard LaTeX Graphics (DPC,SPQR)

(D:\Latex\Programa latex\tex/latex/graphics\trig.sty
Package: trig 2021/08/11 v1.11 sin cos tan (DPC)
)
(D:\Latex\Programa latex\tex/latex/graphics-cfg\graphics.cfg
File: graphics.cfg 2016/06/04 v1.11 sample graphics configuration
)
Package graphics Info: Driver file: pdftex.def on input line 107.

(D:\Latex\Programa latex\tex/latex/graphics-def\pdftex.def
File: pdftex.def 2022/09/22 v1.2b Graphics/color driver for pdftex
))
\Gin@req@height=\dimen142
\Gin@req@width=\dimen143
)
(C:\Users\maria\AppData\Roaming\MiKTeX\tex/latex/float\float.sty
Package: float 2001/11/08 v1.3d Float enhancements (AL)
\c@float@type=\count198
\float@exts=\toks19
\float@box=\box51
\@float@everytoks=\toks20
\@floatcapt=\box52
)
(D:\Latex\Programa latex\tex/latex/listings\listings.sty
\lst@mode=\count199
\lst@gtempboxa=\box53
\lst@token=\toks21
\lst@length=\count266
\lst@currlwidth=\dimen144
\lst@column=\count267
\lst@pos=\count268
\lst@lostspace=\dimen145
\lst@width=\dimen146
\lst@newlines=\count269
\lst@lineno=\count270
\lst@maxwidth=\dimen147

(D:\Latex\Programa latex\tex/latex/listings\lstmisc.sty
File: lstmisc.sty 2023/02/27 1.9 (Carsten Heinz)
\c@lstnumber=\count271
\lst@skipnumbers=\count272
\lst@framebox=\box54
)
(D:\Latex\Programa latex\tex/latex/listings\listings.cfg
File: listings.cfg 2023/02/27 1.9 listings configuration
))
Package: listings 2023/02/27 1.9 (Carsten Heinz)

(D:\Latex\Programa latex\tex/latex/xcolor\xcolor.sty
Package: xcolor 2023/11/15 v3.01 LaTeX color extensions (UK)

(D:\Latex\Programa latex\tex/latex/graphics-cfg\color.cfg
File: color.cfg 2016/01/02 v1.6 sample color configuration
)
Package xcolor Info: Driver file: pdftex.def on input line 274.

(D:\Latex\Programa latex\tex/latex/graphics\mathcolor.ltx)
Package xcolor Info: Model `cmy' substituted by `cmy0' on input line 1350.
Package xcolor Info: Model `hsb' substituted by `rgb' on input line 1354.
Package xcolor Info: Model `RGB' extended on input line 1366.
Package xcolor Info: Model `HTML' substituted by `rgb' on input line 1368.
Package xcolor Info: Model `Hsb' substituted by `hsb' on input line 1369.
Package xcolor Info: Model `tHsb' substituted by `hsb' on input line 1370.
Package xcolor Info: Model `HSB' substituted by `hsb' on input line 1371.
Package xcolor Info: Model `Gray' substituted by `gray' on input line 1372.
Package xcolor Info: Model `wave' substituted by `hsb' on input line 1373.
)
(D:\Latex\Programa latex\tex/latex/l3backend\l3backend-pdftex.def
File: l3backend-pdftex.def 2024-01-04 L3 backend support: PDF output (pdfTeX)
\l__color_backend_stack_int=\count273
\l__pdf_internal_box=\box55
)
(Extra_Filtro_Notch.aux
LaTeX Info: Redefining \. on input line 8.
LaTeX Info: Redefining \% on input line 8.
)
\openout1 = `Extra_Filtro_Notch.aux'.

LaTeX Font Info:    Checking defaults for OML/cmm/m/it on input line 39.
LaTeX Font Info:    ... okay on input line 39.
LaTeX Font Info:    Checking defaults for OMS/cmsy/m/n on input line 39.
LaTeX Font Info:    ... okay on input line 39.
LaTeX Font Info:    Checking defaults for OT1/cmr/m/n on input line 39.
LaTeX Font Info:    ... okay on input line 39.
LaTeX Font Info:    Checking defaults for T1/cmr/m/n on input line 39.
LaTeX Font Info:    ... okay on input line 39.
LaTeX Font Info:    Checking defaults for TS1/cmr/m/n on input line 39.
LaTeX Font Info:    ... okay on input line 39.
LaTeX Font Info:    Checking defaults for OMX/cmex/m/n on input line 39.
LaTeX Font Info:    ... okay on input line 39.
LaTeX Font Info:    Checking defaults for U/cmr/m/n on input line 39.
LaTeX Font Info:    ... okay on input line 39.
LaTeX Info: Redefining \. on input line 39.
LaTeX Info: Redefining \% on input line 39.

(D:\Latex\Programa latex\tex/context/base/mkii\supp-pdf.mkii
[Loading MPS to PDF converter (version 2006.09.02).]
\scratchcounter=\count274
\scratchdimen=\dimen148
\scratchbox=\box56
\nofMPsegments=\count275
\nofMParguments=\count276
\everyMPshowfont=\toks22
\MPscratchCnt=\count277
\MPscratchDim=\dimen149
\MPnumerator=\count278
\makeMPintoPDFobject=\count279
\everyMPtoPDFconversion=\toks23
) (D:\Latex\Programa latex\tex/latex/epstopdf-pkg\epstopdf-base.sty
Package: epstopdf-base 2020-01-24 v2.11 Base part for package epstopdf
Package epstopdf-base Info: Redefining graphics rule for `.eps' on input line 4
85.

(D:\Latex\Programa latex\tex/latex/00miktex\epstopdf-sys.cfg
File: epstopdf-sys.cfg 2021/03/18 v2.0 Configuration of epstopdf for MiKTeX
))
\c@lstlisting=\count280
LaTeX Font Info:    External font `cmex10' loaded for size
(Font)              <14.4> on input line 40.
LaTeX Font Info:    External font `cmex10' loaded for size
(Font)              <7> on input line 40.
 [1

{C:/Users/maria/AppData/Local/MiKTeX/fonts/map/pdftex/pdftex.map}]
Overfull \hbox (0.88078pt too wide) in paragraph at lines 43--45
[]\OT1/cmr/m/n/12 Dise~nar un fil-tro NOTCH pa-ra ser uti-li-za-do en elec-tro-
car-dio-gra-ma (ECG),
 []

LaTeX Font Info:    External font `cmex10' loaded for size
(Font)              <12> on input line 49.
LaTeX Font Info:    External font `cmex10' loaded for size
(Font)              <8> on input line 49.
LaTeX Font Info:    External font `cmex10' loaded for size
(Font)              <6> on input line 49.
LaTeX Font Info:    External font `cmex10' loaded for size
(Font)              <5> on input line 60.
[2]
<Imagenes/Bode.png, id=16, 451.6875pt x 324.46219pt>
File: Imagenes/Bode.png Graphic file (type png)
<use Imagenes/Bode.png>
Package pdftex.def Info: Imagenes/Bode.png  used on input line 122.
(pdftex.def)             Requested size: 390.0pt x 280.16579pt.
 [3] [4 <./Imagenes/Bode.png>]
<Imagenes/FPB.png, id=25, 795.72281pt x 390.70969pt>
File: Imagenes/FPB.png Graphic file (type png)
<use Imagenes/FPB.png>
Package pdftex.def Info: Imagenes/FPB.png  used on input line 149.
(pdftex.def)             Requested size: 390.0pt x 191.49115pt.
<Imagenes/Bode_FPB.png, id=26, 928.97063pt x 584.93532pt>
File: Imagenes/Bode_FPB.png Graphic file (type png)
<use Imagenes/Bode_FPB.png>
Package pdftex.def Info: Imagenes/Bode_FPB.png  used on input line 155.
(pdftex.def)             Requested size: 390.0pt x 245.57297pt.
 [5 <./Imagenes/FPB.png>]
Overfull \hbox (16.78795pt too wide) in paragraph at lines 177--177
[]\OT1/cmr/m/n/12 Valores de re-sis-ten-cias y ca-pa-ci-to-res: $\OML/cmm/m/it/
12 C\OT1/cmr/m/n/12 1 = \OML/cmm/m/it/12 C\OT1/cmr/m/n/12 2 = 100[\OML/cmm/m/it
/12 nF\OT1/cmr/m/n/12 ]$, $\OML/cmm/m/it/12 R\OT1/cmr/m/n/12 1 = 1[]59[\OML/cmm
/m/it/12 Kohm\OT1/cmr/m/n/12 ]$,
 []

[6 <./Imagenes/Bode_FPB.png>]
<Imagenes/FPA.png, id=35, 785.93625pt x 389.95688pt>
File: Imagenes/FPA.png Graphic file (type png)
<use Imagenes/FPA.png>
Package pdftex.def Info: Imagenes/FPA.png  used on input line 179.
(pdftex.def)             Requested size: 390.0pt x 193.50824pt.
<Imagenes/Bode_FPA.png, id=36, 927.465pt x 584.1825pt>
File: Imagenes/Bode_FPA.png Graphic file (type png)
<use Imagenes/Bode_FPA.png>
Package pdftex.def Info: Imagenes/Bode_FPA.png  used on input line 185.
(pdftex.def)             Requested size: 390.0pt x 245.64912pt.
<Imagenes/Circuito_Completo.png, id=37, 826.58812pt x 533.74406pt>
File: Imagenes/Circuito_Completo.png Graphic file (type png)
<use Imagenes/Circuito_Completo.png>
Package pdftex.def Info: Imagenes/Circuito_Completo.png  used on input line 192
.
(pdftex.def)             Requested size: 390.0pt x 251.83705pt.
 [7 <./Imagenes/FPA.png> <./Imagenes/Bode_FPA.png>]
<Imagenes/Bode_Notch.png, id=44, 928.21782pt x 587.19376pt>
File: Imagenes/Bode_Notch.png Graphic file (type png)
<use Imagenes/Bode_Notch.png>
Package pdftex.def Info: Imagenes/Bode_Notch.png  used on input line 199.
(pdftex.def)             Requested size: 390.0pt x 246.71825pt.


LaTeX Warning: `!h' float specifier changed to `!ht'.

<Imagenes/montecarlo_modulo.png, id=45, 928.97063pt x 584.93532pt>
File: Imagenes/montecarlo_modulo.png Graphic file (type png)
<use Imagenes/montecarlo_modulo.png>
Package pdftex.def Info: Imagenes/montecarlo_modulo.png  used on input line 209
.
(pdftex.def)             Requested size: 390.0pt x 245.57297pt.
[8 <./Imagenes/Circuito_Completo.png>]
<Imagenes/montecarlo_fase.png, id=50, 930.47626pt x 583.42969pt>
File: Imagenes/montecarlo_fase.png Graphic file (type png)
<use Imagenes/montecarlo_fase.png>
Package pdftex.def Info: Imagenes/montecarlo_fase.png  used on input line 215.
(pdftex.def)             Requested size: 390.0pt x 244.53136pt.
 [9 <./Imagenes/Bode_Notch.png>]
<Imagenes/peor_condicion.png, id=55, 931.22906pt x 586.44093pt>
File: Imagenes/peor_condicion.png Graphic file (type png)
<use Imagenes/peor_condicion.png>
Package pdftex.def Info: Imagenes/peor_condicion.png  used on input line 222.
(pdftex.def)             Requested size: 390.0pt x 245.59659pt.
 [10 <./Imagenes/montecarlo_modulo.png>] [11 <./Imagenes/montecarlo_fase.png>] 
[12 <./Imagenes/peor_condicion.png>] (Extra_Filtro_Notch.aux
LaTeX Info: Redefining \. on input line 8.
LaTeX Info: Redefining \% on input line 8.
)
 ***********
LaTeX2e <2023-11-01> patch level 1
L3 programming layer <2024-01-04>
 ***********
 ) 
Here is how much of TeX's memory you used:
 5075 strings out of 474486
 79206 string characters out of 5753570
 2074542 words of memory out of 5000000
 27355 multiletter control sequences out of 15000+600000
 563267 words of font info for 54 fonts, out of 8000000 for 9000
 1141 hyphenation exceptions out of 8191
 57i,7n,65p,450b,1094s stack positions out of 10000i,1000n,20000p,200000b,200000s
<D:/Latex/Programa latex/fonts/type1/public/amsfonts/cm/cmbx12.pfb><D:/Latex/
Programa latex/fonts/type1/public/amsfonts/cm/cmmi12.pfb><D:/Latex/Programa lat
ex/fonts/type1/public/amsfonts/cm/cmmi8.pfb><D:/Latex/Programa latex/fonts/type
1/public/amsfonts/cm/cmr12.pfb><D:/Latex/Programa latex/fonts/type1/public/amsf
onts/cm/cmr17.pfb><D:/Latex/Programa latex/fonts/type1/public/amsfonts/cm/cmr6.
pfb><D:/Latex/Programa latex/fonts/type1/public/amsfonts/cm/cmr8.pfb><D:/Latex/
Programa latex/fonts/type1/public/amsfonts/cm/cmtt10.pfb>
Output written on Extra_Filtro_Notch.pdf (12 pages, 441144 bytes).
PDF statistics:
 102 PDF objects out of 1000 (max. 8388607)
 0 named destinations out of 1000 (max. 500000)
 51 words of extra memory for PDF output out of 10000 (max. 10000000)

