This is pdfTeX, Version 3.141592653-2.6-1.40.25 (MiKTeX 24.1) (preloaded format=pdflatex 2024.8.11)  18 FEB 2025 20:06
entering extended mode
 restricted \write18 enabled.
 %&-line parsing enabled.
**./informe_tp2.tex
(informe_tp2.tex
LaTeX2e <2023-11-01> patch level 1
L3 programming layer <2024-01-04>
(D:\Latex\Programa latex\tex/latex/base\article.cls
Document Class: article 2023/05/17 v1.4n Standard LaTeX document class
(D:\Latex\Programa latex\tex/latex/base\size12.clo
File: size12.clo 2023/05/17 v1.4n Standard LaTeX file (size option)
)
\c@part=\count187
\c@section=\count188
\c@subsection=\count189
\c@subsubsection=\count190
\c@paragraph=\count191
\c@subparagraph=\count192
\c@figure=\count193
\c@table=\count194
\abovecaptionskip=\skip48
\belowcaptionskip=\skip49
\bibindent=\dimen140
)
(D:\Latex\Programa latex\tex/generic/babel\babel.sty
Package: babel 2024/01/07 v24.1 The Babel package
\babel@savecnt=\count195
\U@D=\dimen141
\l@unhyphenated=\language79

(D:\Latex\Programa latex\tex/generic/babel\txtbabel.def)
\bbl@readstream=\read2
\bbl@dirlevel=\count196

*************************************
* Local config file bblopts.cfg used
*
(D:\Latex\Programa latex\tex/latex/arabi\bblopts.cfg
File: bblopts.cfg 2005/09/08 v0.1 add Arabic and Farsi to "declared" options of
 babel
)
(C:\Users\maria\AppData\Roaming\MiKTeX\tex/latex/babel-spanish\spanish.ldf
Language: spanish.ldf 2021/05/27 v5.0q Spanish support from the babel system
\es@quottoks=\toks17
\es@quotdepth=\count197
Package babel Info: Making " an active character on input line 570.
Package babel Info: Making . an active character on input line 675.
Package babel Info: Making < an active character on input line 722.
Package babel Info: Making > an active character on input line 722.
))
(D:\Latex\Programa latex\tex/generic/babel/locale/es\babel-spanish.tex
Package babel Info: Importing font and identification data for spanish
(babel)             from babel-es.ini. Reported on input line 11.
)
(D:\Latex\Programa latex\tex/latex/graphics\graphicx.sty
Package: graphicx 2021/09/16 v1.2d Enhanced LaTeX Graphics (DPC,SPQR)

(D:\Latex\Programa latex\tex/latex/graphics\keyval.sty
Package: keyval 2022/05/29 v1.15 key=value parser (DPC)
\KV@toks@=\toks18
)
(D:\Latex\Programa latex\tex/latex/graphics\graphics.sty
Package: graphics 2022/03/10 v1.4e Standard LaTeX Graphics (DPC,SPQR)

(D:\Latex\Programa latex\tex/latex/graphics\trig.sty
Package: trig 2021/08/11 v1.11 sin cos tan (DPC)
)
(D:\Latex\Programa latex\tex/latex/graphics-cfg\graphics.cfg
File: graphics.cfg 2016/06/04 v1.11 sample graphics configuration
)
Package graphics Info: Driver file: pdftex.def on input line 107.

(D:\Latex\Programa latex\tex/latex/graphics-def\pdftex.def
File: pdftex.def 2022/09/22 v1.2b Graphics/color driver for pdftex
))
\Gin@req@height=\dimen142
\Gin@req@width=\dimen143
)
(C:\Users\maria\AppData\Roaming\MiKTeX\tex/latex/float\float.sty
Package: float 2001/11/08 v1.3d Float enhancements (AL)
\c@float@type=\count198
\float@exts=\toks19
\float@box=\box51
\@float@everytoks=\toks20
\@floatcapt=\box52
)
(D:\Latex\Programa latex\tex/latex/l3backend\l3backend-pdftex.def
File: l3backend-pdftex.def 2024-01-04 L3 backend support: PDF output (pdfTeX)
\l__color_backend_stack_int=\count199
\l__pdf_internal_box=\box53
)
(informe_tp2.aux
LaTeX Info: Redefining \. on input line 8.
LaTeX Info: Redefining \% on input line 8.
)
\openout1 = `informe_tp2.aux'.

LaTeX Font Info:    Checking defaults for OML/cmm/m/it on input line 11.
LaTeX Font Info:    ... okay on input line 11.
LaTeX Font Info:    Checking defaults for OMS/cmsy/m/n on input line 11.
LaTeX Font Info:    ... okay on input line 11.
LaTeX Font Info:    Checking defaults for OT1/cmr/m/n on input line 11.
LaTeX Font Info:    ... okay on input line 11.
LaTeX Font Info:    Checking defaults for T1/cmr/m/n on input line 11.
LaTeX Font Info:    ... okay on input line 11.
LaTeX Font Info:    Checking defaults for TS1/cmr/m/n on input line 11.
LaTeX Font Info:    ... okay on input line 11.
LaTeX Font Info:    Checking defaults for OMX/cmex/m/n on input line 11.
LaTeX Font Info:    ... okay on input line 11.
LaTeX Font Info:    Checking defaults for U/cmr/m/n on input line 11.
LaTeX Font Info:    ... okay on input line 11.
LaTeX Info: Redefining \. on input line 11.
LaTeX Info: Redefining \% on input line 11.
 (D:\Latex\Programa latex\tex/context/base/mkii\supp-pdf.mkii
[Loading MPS to PDF converter (version 2006.09.02).]
\scratchcounter=\count266
\scratchdimen=\dimen144
\scratchbox=\box54
\nofMPsegments=\count267
\nofMParguments=\count268
\everyMPshowfont=\toks21
\MPscratchCnt=\count269
\MPscratchDim=\dimen145
\MPnumerator=\count270
\makeMPintoPDFobject=\count271
\everyMPtoPDFconversion=\toks22
) (D:\Latex\Programa latex\tex/latex/epstopdf-pkg\epstopdf-base.sty
Package: epstopdf-base 2020-01-24 v2.11 Base part for package epstopdf
Package epstopdf-base Info: Redefining graphics rule for `.eps' on input line 4
85.

(D:\Latex\Programa latex\tex/latex/00miktex\epstopdf-sys.cfg
File: epstopdf-sys.cfg 2021/03/18 v2.0 Configuration of epstopdf for MiKTeX
))
LaTeX Font Info:    External font `cmex10' loaded for size
(Font)              <14.4> on input line 12.
LaTeX Font Info:    External font `cmex10' loaded for size
(Font)              <7> on input line 12.
 [1

{C:/Users/maria/AppData/Local/MiKTeX/fonts/map/pdftex/pdftex.map}]
LaTeX Font Info:    External font `cmex10' loaded for size
(Font)              <12> on input line 21.
LaTeX Font Info:    External font `cmex10' loaded for size
(Font)              <8> on input line 21.
LaTeX Font Info:    External font `cmex10' loaded for size
(Font)              <6> on input line 21.
<Imagenes_simulaciones/Esquematico_Circ1.png, id=10, 962.3955pt x 419.76825pt>
File: Imagenes_simulaciones/Esquematico_Circ1.png Graphic file (type png)
<use Imagenes_simulaciones/Esquematico_Circ1.png>
Package pdftex.def Info: Imagenes_simulaciones/Esquematico_Circ1.png  used on i
nput line 24.
(pdftex.def)             Requested size: 390.0pt x 170.10768pt.
 [2 <./Imagenes_simulaciones/Esquematico_Circ1.png>]
<Imagenes_simulaciones/Sim_V1_0.1__V2_0.02.png, id=21, 1154.51324pt x 509.5035p
t>
File: Imagenes_simulaciones/Sim_V1_0.1__V2_0.02.png Graphic file (type png)
<use Imagenes_simulaciones/Sim_V1_0.1__V2_0.02.png>
Package pdftex.def Info: Imagenes_simulaciones/Sim_V1_0.1__V2_0.02.png  used on
 input line 50.
(pdftex.def)             Requested size: 390.0pt x 172.10938pt.
 [3 <./Imagenes_simulaciones/Sim_V1_0.1__V2_0.02.png>]
<Imagenes_simulaciones/Sim_Error_DC.png, id=26, 1154.51324pt x 510.10574pt>
File: Imagenes_simulaciones/Sim_Error_DC.png Graphic file (type png)
<use Imagenes_simulaciones/Sim_Error_DC.png>
Package pdftex.def Info: Imagenes_simulaciones/Sim_Error_DC.png  used on input 
line 121.
(pdftex.def)             Requested size: 390.0pt x 172.31282pt.

LaTeX Warning: `!h' float specifier changed to `!ht'.

[4]
<Imagenes_simulaciones/Sim_Bode_3db_marcados.png, id=30, 1154.51324pt x 510.105
74pt>
File: Imagenes_simulaciones/Sim_Bode_3db_marcados.png Graphic file (type png)
<use Imagenes_simulaciones/Sim_Bode_3db_marcados.png>
Package pdftex.def Info: Imagenes_simulaciones/Sim_Bode_3db_marcados.png  used 
on input line 135.
(pdftex.def)             Requested size: 390.0pt x 172.31282pt.
 [5 <./Imagenes_simulaciones/Sim_Error_DC.png> <./Imagenes_simulaciones/Sim_Bod
e_3db_marcados.png>]
<Imagenes_simulaciones/Sim_slow_rate.png, id=36, 1153.911pt x 509.5035pt>
File: Imagenes_simulaciones/Sim_slow_rate.png Graphic file (type png)
<use Imagenes_simulaciones/Sim_slow_rate.png>
Package pdftex.def Info: Imagenes_simulaciones/Sim_slow_rate.png  used on input
 line 148.
(pdftex.def)             Requested size: 390.0pt x 172.20267pt.
<Imagenes_simulaciones/error_vectorial_norm.png, id=37, 680.5425pt x 260.47313p
t>
File: Imagenes_simulaciones/error_vectorial_norm.png Graphic file (type png)
<use Imagenes_simulaciones/error_vectorial_norm.png>
Package pdftex.def Info: Imagenes_simulaciones/error_vectorial_norm.png  used o
n input line 157.
(pdftex.def)             Requested size: 390.0pt x 149.2701pt.


LaTeX Warning: `!h' float specifier changed to `!ht'.

<Imagenes_simulaciones/error_vectorial_norm_tabla.png, id=38, 249.93375pt x 182
.18062pt>
File: Imagenes_simulaciones/error_vectorial_norm_tabla.png Graphic file (type p
ng)
<use Imagenes_simulaciones/error_vectorial_norm_tabla.png>
Package pdftex.def Info: Imagenes_simulaciones/error_vectorial_norm_tabla.png  
used on input line 164.
(pdftex.def)             Requested size: 195.0pt x 142.14478pt.

LaTeX Warning: `!h' float specifier changed to `!ht'.

[6 <./Imagenes_simulaciones/Sim_slow_rate.png>] [7 <./Imagenes_simulaciones/err
or_vectorial_norm.png> <./Imagenes_simulaciones/error_vectorial_norm_tabla.png>
]
<Imagenes_simulaciones/Sim_Ganancia_C2.png, id=49, 1154.51324pt x 510.708pt>
File: Imagenes_simulaciones/Sim_Ganancia_C2.png Graphic file (type png)
<use Imagenes_simulaciones/Sim_Ganancia_C2.png>
Package pdftex.def Info: Imagenes_simulaciones/Sim_Ganancia_C2.png  used on inp
ut line 190.
(pdftex.def)             Requested size: 390.0pt x 172.51625pt.
 [8 <./Imagenes_simulaciones/Sim_Ganancia_C2.png>] [9]
<Imagenes_simulaciones/Sim_Error_DC_C2.png, id=57, 1152.10425pt x 509.5035pt>
File: Imagenes_simulaciones/Sim_Error_DC_C2.png Graphic file (type png)
<use Imagenes_simulaciones/Sim_Error_DC_C2.png>
Package pdftex.def Info: Imagenes_simulaciones/Sim_Error_DC_C2.png  used on inp
ut line 256.
(pdftex.def)             Requested size: 390.0pt x 172.467pt.
 [10 <./Imagenes_simulaciones/Sim_Error_DC_C2.png>] (informe_tp2.aux
LaTeX Info: Redefining \. on input line 8.
LaTeX Info: Redefining \% on input line 8.
)
 ***********
LaTeX2e <2023-11-01> patch level 1
L3 programming layer <2024-01-04>
 ***********
 ) 
Here is how much of TeX's memory you used:
 2943 strings out of 474486
 52167 string characters out of 5753570
 1932542 words of memory out of 5000000
 25241 multiletter control sequences out of 15000+600000
 563879 words of font info for 55 fonts, out of 8000000 for 9000
 1141 hyphenation exceptions out of 8191
 57i,7n,65p,522b,365s stack positions out of 10000i,1000n,20000p,200000b,200000s
 <C:\Users\maria\AppData\Local\MiKTeX\fonts/pk/ljfour/jknappen/ec/dpi600\tcrm
2074.pk><D:/Latex/Programa latex/fonts/type1/public/amsfonts/cm/cmbx10.pfb><D:/
Latex/Programa latex/fonts/type1/public/amsfonts/cm/cmbx12.pfb><D:/Latex/Progra
ma latex/fonts/type1/public/amsfonts/cm/cmmi12.pfb><D:/Latex/Programa latex/fon
ts/type1/public/amsfonts/cm/cmmi8.pfb><D:/Latex/Programa latex/fonts/type1/publ
ic/amsfonts/cm/cmr10.pfb><D:/Latex/Programa latex/fonts/type1/public/amsfonts/c
m/cmr12.pfb><D:/Latex/Programa latex/fonts/type1/public/amsfonts/cm/cmr17.pfb><
D:/Latex/Programa latex/fonts/type1/public/amsfonts/cm/cmr8.pfb><D:/Latex/Progr
ama latex/fonts/type1/public/amsfonts/cm/cmsy10.pfb>
Output written on informe_tp2.pdf (10 pages, 387344 bytes).
PDF statistics:
 104 PDF objects out of 1000 (max. 8388607)
 0 named destinations out of 1000 (max. 500000)
 46 words of extra memory for PDF output out of 10000 (max. 10000000)

