This is pdfTeX, Version 3.141592653-2.6-1.40.25 (MiKTeX 24.1) (preloaded format=pdflatex 2024.8.11)  28 NOV 2024 22:11
entering extended mode
 restricted \write18 enabled.
 %&-line parsing enabled.
**./informe_tp4.tex
(informe_tp4.tex
LaTeX2e <2023-11-01> patch level 1
L3 programming layer <2024-01-04>
(D:\Latex\Programa latex\tex/latex/base\article.cls
Document Class: article 2023/05/17 v1.4n Standard LaTeX document class
(D:\Latex\Programa latex\tex/latex/base\size12.clo
File: size12.clo 2023/05/17 v1.4n Standard LaTeX file (size option)
)
\c@part=\count187
\c@section=\count188
\c@subsection=\count189
\c@subsubsection=\count190
\c@paragraph=\count191
\c@subparagraph=\count192
\c@figure=\count193
\c@table=\count194
\abovecaptionskip=\skip48
\belowcaptionskip=\skip49
\bibindent=\dimen140
)
(D:\Latex\Programa latex\tex/generic/babel\babel.sty
Package: babel 2024/01/07 v24.1 The Babel package
\babel@savecnt=\count195
\U@D=\dimen141
\l@unhyphenated=\language79

(D:\Latex\Programa latex\tex/generic/babel\txtbabel.def)
\bbl@readstream=\read2
\bbl@dirlevel=\count196

*************************************
* Local config file bblopts.cfg used
*
(D:\Latex\Programa latex\tex/latex/arabi\bblopts.cfg
File: bblopts.cfg 2005/09/08 v0.1 add Arabic and Farsi to "declared" options of
 babel
)
(C:\Users\maria\AppData\Roaming\MiKTeX\tex/latex/babel-spanish\spanish.ldf
Language: spanish.ldf 2021/05/27 v5.0q Spanish support from the babel system
\es@quottoks=\toks17
\es@quotdepth=\count197
Package babel Info: Making " an active character on input line 570.
Package babel Info: Making . an active character on input line 675.
Package babel Info: Making < an active character on input line 722.
Package babel Info: Making > an active character on input line 722.
))
(D:\Latex\Programa latex\tex/generic/babel/locale/es\babel-spanish.tex
Package babel Info: Importing font and identification data for spanish
(babel)             from babel-es.ini. Reported on input line 11.
)
(D:\Latex\Programa latex\tex/latex/graphics\graphicx.sty
Package: graphicx 2021/09/16 v1.2d Enhanced LaTeX Graphics (DPC,SPQR)

(D:\Latex\Programa latex\tex/latex/graphics\keyval.sty
Package: keyval 2022/05/29 v1.15 key=value parser (DPC)
\KV@toks@=\toks18
)
(D:\Latex\Programa latex\tex/latex/graphics\graphics.sty
Package: graphics 2022/03/10 v1.4e Standard LaTeX Graphics (DPC,SPQR)

(D:\Latex\Programa latex\tex/latex/graphics\trig.sty
Package: trig 2021/08/11 v1.11 sin cos tan (DPC)
)
(D:\Latex\Programa latex\tex/latex/graphics-cfg\graphics.cfg
File: graphics.cfg 2016/06/04 v1.11 sample graphics configuration
)
Package graphics Info: Driver file: pdftex.def on input line 107.

(D:\Latex\Programa latex\tex/latex/graphics-def\pdftex.def
File: pdftex.def 2022/09/22 v1.2b Graphics/color driver for pdftex
))
\Gin@req@height=\dimen142
\Gin@req@width=\dimen143
)
(C:\Users\maria\AppData\Roaming\MiKTeX\tex/latex/float\float.sty
Package: float 2001/11/08 v1.3d Float enhancements (AL)
\c@float@type=\count198
\float@exts=\toks19
\float@box=\box51
\@float@everytoks=\toks20
\@floatcapt=\box52
)
(D:\Latex\Programa latex\tex/latex/listings\listings.sty
\lst@mode=\count199
\lst@gtempboxa=\box53
\lst@token=\toks21
\lst@length=\count266
\lst@currlwidth=\dimen144
\lst@column=\count267
\lst@pos=\count268
\lst@lostspace=\dimen145
\lst@width=\dimen146
\lst@newlines=\count269
\lst@lineno=\count270
\lst@maxwidth=\dimen147

(D:\Latex\Programa latex\tex/latex/listings\lstmisc.sty
File: lstmisc.sty 2023/02/27 1.9 (Carsten Heinz)
\c@lstnumber=\count271
\lst@skipnumbers=\count272
\lst@framebox=\box54
)
(D:\Latex\Programa latex\tex/latex/listings\listings.cfg
File: listings.cfg 2023/02/27 1.9 listings configuration
))
Package: listings 2023/02/27 1.9 (Carsten Heinz)

(D:\Latex\Programa latex\tex/latex/xcolor\xcolor.sty
Package: xcolor 2023/11/15 v3.01 LaTeX color extensions (UK)

(D:\Latex\Programa latex\tex/latex/graphics-cfg\color.cfg
File: color.cfg 2016/01/02 v1.6 sample color configuration
)
Package xcolor Info: Driver file: pdftex.def on input line 274.

(D:\Latex\Programa latex\tex/latex/graphics\mathcolor.ltx)
Package xcolor Info: Model `cmy' substituted by `cmy0' on input line 1350.
Package xcolor Info: Model `hsb' substituted by `rgb' on input line 1354.
Package xcolor Info: Model `RGB' extended on input line 1366.
Package xcolor Info: Model `HTML' substituted by `rgb' on input line 1368.
Package xcolor Info: Model `Hsb' substituted by `hsb' on input line 1369.
Package xcolor Info: Model `tHsb' substituted by `hsb' on input line 1370.
Package xcolor Info: Model `HSB' substituted by `hsb' on input line 1371.
Package xcolor Info: Model `Gray' substituted by `gray' on input line 1372.
Package xcolor Info: Model `wave' substituted by `hsb' on input line 1373.
)
(D:\Latex\Programa latex\tex/latex/l3backend\l3backend-pdftex.def
File: l3backend-pdftex.def 2024-01-04 L3 backend support: PDF output (pdfTeX)
\l__color_backend_stack_int=\count273
\l__pdf_internal_box=\box55
)
(informe_tp4.aux
LaTeX Info: Redefining \. on input line 8.
LaTeX Info: Redefining \% on input line 8.
)
\openout1 = `informe_tp4.aux'.

LaTeX Font Info:    Checking defaults for OML/cmm/m/it on input line 40.
LaTeX Font Info:    ... okay on input line 40.
LaTeX Font Info:    Checking defaults for OMS/cmsy/m/n on input line 40.
LaTeX Font Info:    ... okay on input line 40.
LaTeX Font Info:    Checking defaults for OT1/cmr/m/n on input line 40.
LaTeX Font Info:    ... okay on input line 40.
LaTeX Font Info:    Checking defaults for T1/cmr/m/n on input line 40.
LaTeX Font Info:    ... okay on input line 40.
LaTeX Font Info:    Checking defaults for TS1/cmr/m/n on input line 40.
LaTeX Font Info:    ... okay on input line 40.
LaTeX Font Info:    Checking defaults for OMX/cmex/m/n on input line 40.
LaTeX Font Info:    ... okay on input line 40.
LaTeX Font Info:    Checking defaults for U/cmr/m/n on input line 40.
LaTeX Font Info:    ... okay on input line 40.
LaTeX Info: Redefining \. on input line 40.
LaTeX Info: Redefining \% on input line 40.
 (D:\Latex\Programa latex\tex/context/base/mkii\supp-pdf.mkii
[Loading MPS to PDF converter (version 2006.09.02).]
\scratchcounter=\count274
\scratchdimen=\dimen148
\scratchbox=\box56
\nofMPsegments=\count275
\nofMParguments=\count276
\everyMPshowfont=\toks22
\MPscratchCnt=\count277
\MPscratchDim=\dimen149
\MPnumerator=\count278
\makeMPintoPDFobject=\count279
\everyMPtoPDFconversion=\toks23
) (D:\Latex\Programa latex\tex/latex/epstopdf-pkg\epstopdf-base.sty
Package: epstopdf-base 2020-01-24 v2.11 Base part for package epstopdf
Package epstopdf-base Info: Redefining graphics rule for `.eps' on input line 4
85.

(D:\Latex\Programa latex\tex/latex/00miktex\epstopdf-sys.cfg
File: epstopdf-sys.cfg 2021/03/18 v2.0 Configuration of epstopdf for MiKTeX
))
\c@lstlisting=\count280
LaTeX Font Info:    External font `cmex10' loaded for size
(Font)              <14.4> on input line 41.
LaTeX Font Info:    External font `cmex10' loaded for size
(Font)              <7> on input line 41.
 [1

{C:/Users/maria/AppData/Local/MiKTeX/fonts/map/pdftex/pdftex.map}]
LaTeX Font Info:    External font `cmex10' loaded for size
(Font)              <5> on input line 77.
 [2]
<Simulaciones_Imagenes/funciones de transferencias.png, id=16, 548.0475pt x 268
.00125pt>
File: Simulaciones_Imagenes/funciones de transferencias.png Graphic file (type 
png)
<use Simulaciones_Imagenes/funciones de transferencias.png>
Package pdftex.def Info: Simulaciones_Imagenes/funciones de transferencias.png 
 used on input line 113.
(pdftex.def)             Requested size: 390.0pt x 190.71568pt.
<Simulaciones_Imagenes/Bode_TFs_Matlab.png, id=18, 958.782pt x 504.08325pt>
File: Simulaciones_Imagenes/Bode_TFs_Matlab.png Graphic file (type png)
<use Simulaciones_Imagenes/Bode_TFs_Matlab.png>
Package pdftex.def Info: Simulaciones_Imagenes/Bode_TFs_Matlab.png  used on inp
ut line 119.
(pdftex.def)             Requested size: 390.0pt x 205.04483pt.


LaTeX Warning: `!h' float specifier changed to `!ht'.

[3 <./Simulaciones_Imagenes/funciones de transferencias.png>] [4 <./Simulacione
s_Imagenes/Bode_TFs_Matlab.png>]
LaTeX Font Info:    External font `cmex10' loaded for size
(Font)              <12> on input line 167.
LaTeX Font Info:    External font `cmex10' loaded for size
(Font)              <8> on input line 167.
LaTeX Font Info:    External font `cmex10' loaded for size
(Font)              <6> on input line 167.
<Simulaciones_Imagenes/Circ_Filtro_VerdeFpb_RojoFpa.png, id=27, 879.285pt x 296
.307pt>
File: Simulaciones_Imagenes/Circ_Filtro_VerdeFpb_RojoFpa.png Graphic file (type
 png)
<use Simulaciones_Imagenes/Circ_Filtro_VerdeFpb_RojoFpa.png>
Package pdftex.def Info: Simulaciones_Imagenes/Circ_Filtro_VerdeFpb_RojoFpa.png
  used on input line 172.
(pdftex.def)             Requested size: 390.0pt x 131.42441pt.


LaTeX Warning: `!h' float specifier changed to `!ht'.

<Simulaciones_Imagenes/Sim_AC_Filtro.png, id=28, 1154.51324pt x 509.5035pt>
File: Simulaciones_Imagenes/Sim_AC_Filtro.png Graphic file (type png)
<use Simulaciones_Imagenes/Sim_AC_Filtro.png>
Package pdftex.def Info: Simulaciones_Imagenes/Sim_AC_Filtro.png  used on input
 line 179.
(pdftex.def)             Requested size: 390.0pt x 172.10938pt.

LaTeX Warning: `!h' float specifier changed to `!ht'.

[5] [6 <./Simulaciones_Imagenes/Circ_Filtro_VerdeFpb_RojoFpa.png> <./Simulacion
es_Imagenes/Sim_AC_Filtro.png>] [7]
<Simulaciones_Imagenes/Sensitividad.png, id=44, 458.46281pt x 273.27094pt>
File: Simulaciones_Imagenes/Sensitividad.png Graphic file (type png)
<use Simulaciones_Imagenes/Sensitividad.png>
Package pdftex.def Info: Simulaciones_Imagenes/Sensitividad.png  used on input 
line 259.
(pdftex.def)             Requested size: 390.0pt x 232.47318pt.


LaTeX Warning: `!h' float specifier changed to `!ht'.

[8] [9 <./Simulaciones_Imagenes/Sensitividad.png>] [10]
<Simulaciones_Imagenes/Sensitividad_2.png, id=55, 417.81094pt x 297.36093pt>
File: Simulaciones_Imagenes/Sensitividad_2.png Graphic file (type png)
<use Simulaciones_Imagenes/Sensitividad_2.png>
Package pdftex.def Info: Simulaciones_Imagenes/Sensitividad_2.png  used on inpu
t line 341.
(pdftex.def)             Requested size: 390.0pt x 277.5864pt.
 [11 <./Simulaciones_Imagenes/Sensitividad_2.png>]
<Simulaciones_Imagenes/monte_carlo_1.png, id=60, 931.98187pt x 587.19376pt>
File: Simulaciones_Imagenes/monte_carlo_1.png Graphic file (type png)
<use Simulaciones_Imagenes/monte_carlo_1.png>
Package pdftex.def Info: Simulaciones_Imagenes/monte_carlo_1.png  used on input
 line 352.
(pdftex.def)             Requested size: 390.0pt x 245.71475pt.
<Simulaciones_Imagenes/banda_de_paso_montecarlo.png, id=61, 929.72343pt x 585.6
8813pt>
File: Simulaciones_Imagenes/banda_de_paso_montecarlo.png Graphic file (type png
)
<use Simulaciones_Imagenes/banda_de_paso_montecarlo.png>
Package pdftex.def Info: Simulaciones_Imagenes/banda_de_paso_montecarlo.png  us
ed on input line 360.
(pdftex.def)             Requested size: 390.0pt x 245.68347pt.


LaTeX Warning: `!h' float specifier changed to `!ht'.

<Simulaciones_Imagenes/peor_de_los_casos.png, id=62, 926.71219pt x 584.93532pt>

File: Simulaciones_Imagenes/peor_de_los_casos.png Graphic file (type png)
<use Simulaciones_Imagenes/peor_de_los_casos.png>
Package pdftex.def Info: Simulaciones_Imagenes/peor_de_los_casos.png  used on i
nput line 366.
(pdftex.def)             Requested size: 390.0pt x 246.17097pt.

LaTeX Warning: `!h' float specifier changed to `!ht'.

[12 <./Simulaciones_Imagenes/monte_carlo_1.png>] [13 <./Simulaciones_Imagenes/b
anda_de_paso_montecarlo.png>] [14 <./Simulaciones_Imagenes/peor_de_los_casos.pn
g>] (informe_tp4.aux
LaTeX Info: Redefining \. on input line 8.
LaTeX Info: Redefining \% on input line 8.
)
 ***********
LaTeX2e <2023-11-01> patch level 1
L3 programming layer <2024-01-04>
 ***********
 ) 
Here is how much of TeX's memory you used:
 5078 strings out of 474486
 81171 string characters out of 5753570
 2278542 words of memory out of 5000000
 27356 multiletter control sequences out of 15000+600000
 564216 words of font info for 57 fonts, out of 8000000 for 9000
 1141 hyphenation exceptions out of 8191
 57i,7n,65p,653b,1605s stack positions out of 10000i,1000n,20000p,200000b,200000s
 <C:\Users\maria\AppData\Local\MiKTeX\fonts/pk/ljfour/jknappen/ec/dpi600\tcrm
2074.pk><D:/Latex/Programa latex/fonts/type1/public/amsfonts/cm/cmbx10.pfb><D:/
Latex/Programa latex/fonts/type1/public/amsfonts/cm/cmbx12.pfb><D:/Latex/Progra
ma latex/fonts/type1/public/amsfonts/cm/cmmi12.pfb><D:/Latex/Programa latex/fon
ts/type1/public/amsfonts/cm/cmmi8.pfb><D:/Latex/Programa latex/fonts/type1/publ
ic/amsfonts/cm/cmr10.pfb><D:/Latex/Programa latex/fonts/type1/public/amsfonts/c
m/cmr12.pfb><D:/Latex/Programa latex/fonts/type1/public/amsfonts/cm/cmr17.pfb><
D:/Latex/Programa latex/fonts/type1/public/amsfonts/cm/cmr6.pfb><D:/Latex/Progr
ama latex/fonts/type1/public/amsfonts/cm/cmr8.pfb><D:/Latex/Programa latex/font
s/type1/public/amsfonts/cm/cmtt10.pfb>
Output written on informe_tp4.pdf (14 pages, 558225 bytes).
PDF statistics:
 122 PDF objects out of 1000 (max. 8388607)
 0 named destinations out of 1000 (max. 500000)
 46 words of extra memory for PDF output out of 10000 (max. 10000000)

